2017-03-31 16:55:24 INFO: User guest logged in.
2017-03-31 16:59:11 ERROR: User fake failed to log in!
2017-03-31 17:00:32 ERROR: User test failed to log in!
2017-03-31 17:00:43 INFO: User guest logged in.
2017-03-31 17:01:26 INFO: User guest logged in.
2017-03-31 17:15:22 ERROR: User xconstaud failed to log in!
2017-03-31 17:15:30 INFO: User guest logged in.
2017-03-31 17:56:51 INFO: User guest logged in.
2017-03-31 18:06:56 ERROR: User  failed to log in!
2017-03-31 18:45:14 INFO: User guest logged in.
2017-03-31 18:45:48 ERROR: User test failed to log in!
2017-03-31 18:49:24 ERROR: User test failed to log in!
2017-03-31 18:49:25 ERROR: User  failed to log in!
2017-03-31 18:49:28 ERROR: User test failed to log in!
2017-03-31 18:50:47 ERROR: User test failed to log in!
2017-03-31 18:51:58 ERROR: User test failed to log in!
2017-03-31 18:52:29 ERROR: User test failed to log in!
2017-03-31 18:53:07 ERROR: User test failed to log in!
2017-03-31 18:53:23 INFO: User guest logged in.
2017-03-31 19:38:39 INFO: User guest logged in.
2017-03-31 20:14:58 ERROR: User test failed to log in!
2017-03-31 20:15:02 ERROR: User test failed to log in!
2017-03-31 20:15:05 ERROR: User test failed to log in!
2017-03-31 20:15:56 ERROR: User test failed to log in!
2017-03-31 20:16:03 INFO: User guest logged in.
2017-03-31 20:20:42 ERROR: User test failed to log in!
2017-03-31 20:20:43 ERROR: User  failed to log in!
2017-03-31 20:20:49 INFO: User guest logged in.
2017-03-31 20:21:37 ERROR: User test failed to log in!
2017-03-31 20:21:42 INFO: User guest logged in.
2017-03-31 20:34:21 ERROR: User  failed to log in!
2017-03-31 20:34:21 ERROR: User  failed to log in!
2017-03-31 20:34:22 ERROR: User  failed to log in!
2017-03-31 20:34:22 ERROR: User  failed to log in!
2017-03-31 20:34:22 ERROR: User  failed to log in!
2017-03-31 20:34:22 ERROR: User  failed to log in!
2017-03-31 20:34:23 ERROR: User  failed to log in!
2017-03-31 20:34:23 ERROR: User  failed to log in!
2017-03-31 20:34:23 ERROR: User  failed to log in!
2017-03-31 20:34:23 ERROR: User  failed to log in!
2017-03-31 20:42:59 ERROR: User  failed to log in!
2017-03-31 20:43:03 ERROR: User test failed to log in!
2017-03-31 20:43:08 INFO: User guest logged in.
2017-03-31 20:49:24 ERROR: User test failed to log in!
2017-03-31 20:49:31 ERROR: User appleseed failed to log in!
2017-03-31 20:49:36 INFO: User guest logged in.
2017-03-31 20:50:49 ERROR: User test failed to log in!
2017-03-31 20:50:52 ERROR: User test failed to log in!
2017-03-31 20:50:56 INFO: User guest logged in.
